--- Job CatenaryA.gms Start 05/10/20 17:22:52 30.3.0 rc5da09e WEX-WEI x86 64bit/MS Windows
--- GAMS Parameters defined
    Input C:\aguadix\GITHUB\SOC\3NonLinearProgramming\5Catenary\CatenaryA\CatenaryA.gms
    PageSize 0
    ScrDir C:\aguadix\GITHUB\SOC\3NonLinearProgramming\5Catenary\CatenaryA\225a\
    SysDir C:\GAMS\win64\30.3\
    LogOption 3
    ErrMsg 1
    ErrorLog 99
    IDE 1
    LstTitleLeftAligned 1
GAMS 30.3.0   Copyright (C) 1987-2020 GAMS Development. All rights reserved
Licensee: GAMS Demo license for ANTONIO MARIA GUADIX ESCOG200420|0002CO-GEN
          UNIVERSITY OF GRANADA, Spain                             DL007289
          aguadix@ugr.es, ANTONIO MARIA GUADIX ESCOBAR                     
          Demo license for demonstration and instructional purposes only
--- Starting compilation
--- CatenaryA.gms(50) 2 Mb
--- Starting execution: elapsed 0:00:00.015
--- CatenaryA.gms(30) 3 Mb
--- Generating NLP model CatenaryA
--- CatenaryA.gms(50) 5 Mb
---   11 rows  23 columns  52 non-zeroes
---   100 nl-code  40 nl-non-zeroes
--- CatenaryA.gms(50) 3 Mb
--- Executing CONOPT: elapsed 0:00:00.047
CONOPT 3         30.3.0 rc5da09e Released Mar 06, 2020 WEI x86 64bit/MS Window
*** This solver runs with a demo license. No commercial use.
 
 
    C O N O P T 3   version 3.17K
    Copyright (C)   ARKI Consulting and Development A/S
                    Bagsvaerdvej 246 A
                    DK-2880 Bagsvaerd, Denmark
 
 
   Iter Phase Ninf   Infeasibility   RGmax    NSB   Step InItr MX OK
      0   0        1.1000000000E+02 (Input point)
 
                   Pre-triangular equations:   0
                   Post-triangular equations:  1
 
      1   0        0.0000000000E+00 (After pre-processing)
      2   0        0.0000000000E+00 (After scaling)
 
 ** Feasible solution. Value of objective =    110.000000000
 
   Iter Phase Ninf     Objective     RGmax    NSB   Step InItr MX OK
     11   3        7.5895625454E+01 4.0E+00    10 1.0E+00    1 T  T
     21   3        6.8338272754E+01 4.9E+00     9 1.1E-02      T  T
     31   4        6.5348387775E+01 4.4E+00     9 3.2E+00    1 F  T
     36   4        6.4611012548E+01 1.8E+00     8 6.6E-01    6 F  T
     41   4        6.4601516649E+01 5.6E-04     8 1.0E+00    3 F  T
     44   4        6.4601516655E+01 8.9E-08     8
 
 ** Optimal solution. Reduced gradient less than tolerance.
 
--- Restarting execution
--- CatenaryA.gms(50) 2 Mb
--- Reading solution for model CatenaryA
*** Status: Normal completion
--- Job CatenaryA.gms Stop 05/10/20 17:22:52 elapsed 0:00:00.187
